build/app/intermediates/manifest_merge_blame_file/release/manifest-merger-blame-release-report.txt
1<?xml version="1.0" encoding="utf-8"?>
2<manifest xmlns:android="http://schemas.android.com/apk/res/android"
3    package="com.moca.shipper"
4    android:versionCode="4"
5    android:versionName="1.0.0" >
6
7    <uses-sdk
8        android:minSdkVersion="16"
8-->src/main/AndroidManifest.xml
9        android:targetSdkVersion="30" />
9-->src/main/AndroidManifest.xml
10
11    <uses-permission android:name="android.permission.INTERNET" />
11-->src/main/AndroidManifest.xml:4:5-67
11-->src/main/AndroidManifest.xml:4:22-64
12    <uses-permission android:name="android.permission.ACCESS_NETWORK_STATE" />
12-->src/main/AndroidManifest.xml:5:5-79
12-->src/main/AndroidManifest.xml:5:22-76
13
14    <queries>
14-->src/main/AndroidManifest.xml:7:5-28:15
15
16        <!-- If your app opens https URLs -->
17        <intent>
17-->src/main/AndroidManifest.xml:9:9-12:18
18            <action android:name="android.intent.action.VIEW" />
18-->src/main/AndroidManifest.xml:10:13-65
18-->src/main/AndroidManifest.xml:10:21-62
19
20            <data android:scheme="https" />
20-->src/main/AndroidManifest.xml:11:13-44
20-->src/main/AndroidManifest.xml:11:19-41
21        </intent>
22        <!-- If your app makes calls -->
23        <intent>
23-->src/main/AndroidManifest.xml:14:9-17:18
24            <action android:name="android.intent.action.DIAL" />
24-->src/main/AndroidManifest.xml:15:13-65
24-->src/main/AndroidManifest.xml:15:21-62
25
26            <data android:scheme="tel" />
26-->src/main/AndroidManifest.xml:11:13-44
26-->src/main/AndroidManifest.xml:11:19-41
27        </intent>
28        <!-- If your sends SMS messages -->
29        <intent>
29-->src/main/AndroidManifest.xml:19:9-22:18
30            <action android:name="android.intent.action.SENDTO" />
30-->src/main/AndroidManifest.xml:20:13-67
30-->src/main/AndroidManifest.xml:20:21-64
31
32            <data android:scheme="smsto" />
32-->src/main/AndroidManifest.xml:11:13-44
32-->src/main/AndroidManifest.xml:11:19-41
33        </intent>
34        <!-- If your app sends emails -->
35        <intent>
35-->src/main/AndroidManifest.xml:24:9-27:18
36            <action android:name="android.intent.action.SEND" />
36-->src/main/AndroidManifest.xml:25:13-65
36-->src/main/AndroidManifest.xml:25:21-62
37
38            <data android:mimeType="*/*" />
38-->src/main/AndroidManifest.xml:11:13-44
38-->src/main/AndroidManifest.xml:26:19-41
39        </intent>
40    </queries>
41
42    <application
42-->src/main/AndroidManifest.xml:29:5-68:19
43        android:appComponentFactory="androidx.core.app.CoreComponentFactory"
43-->[androidx.core:core:1.6.0] AndroidManifest.xml:24:18-86
44        android:icon="@mipmap/ic_avatar"
44-->src/main/AndroidManifest.xml:30:9-41
45        android:label="Alo Shipper" >
45-->src/main/AndroidManifest.xml:31:9-36
46        <activity
46-->src/main/AndroidManifest.xml:32:9-62:20
47            android:name="com.moca.shipper.MainActivity"
47-->src/main/AndroidManifest.xml:33:13-41
48            android:configChanges="orientation|keyboardHidden|keyboard|screenSize|smallestScreenSize|locale|layoutDirection|fontScale|screenLayout|density|uiMode"
48-->src/main/AndroidManifest.xml:34:13-163
49            android:hardwareAccelerated="true"
49-->src/main/AndroidManifest.xml:35:13-47
50            android:icon="@mipmap/ic_avatar"
50-->src/main/AndroidManifest.xml:36:13-45
51            android:launchMode="singleTop"
51-->src/main/AndroidManifest.xml:37:13-43
52            android:theme="@style/LaunchTheme"
52-->src/main/AndroidManifest.xml:38:13-47
53            android:windowSoftInputMode="adjustResize" >
53-->src/main/AndroidManifest.xml:39:13-55
54
55            <!--
56                 Specifies an Android theme to apply to this Activity as soon as
57                 the Android process has started. This theme is visible to the user
58                 while the Flutter UI initializes. After that, this theme continues
59                 to determine the Window background behind the Flutter UI.
60            -->
61            <meta-data
61-->src/main/AndroidManifest.xml:44:13-46:57
62                android:name="io.flutter.embedding.android.NormalTheme"
62-->src/main/AndroidManifest.xml:45:17-72
63                android:resource="@style/NormalTheme" />
63-->src/main/AndroidManifest.xml:46:17-54
64            <meta-data
64-->src/main/AndroidManifest.xml:47:13-49:67
65                android:name="io.flutter.network-policy"
65-->src/main/AndroidManifest.xml:48:17-57
66                android:resource="@xml/network_security_config" />
66-->src/main/AndroidManifest.xml:49:17-64
67            <!--
68                 Displays an Android View that continues showing the launch screen
69                 Drawable until Flutter paints its first frame, then this splash
70                 screen fades out. A splash screen is useful to avoid any visual
71                 gap between the end of Android's launch screen and the painting of
72                 Flutter's first frame.
73            -->
74            <meta-data
74-->src/main/AndroidManifest.xml:55:13-57:66
75                android:name="io.flutter.embedding.android.SplashScreenDrawable"
75-->src/main/AndroidManifest.xml:56:17-81
76                android:resource="@drawable/launch_background" />
76-->src/main/AndroidManifest.xml:57:17-63
77
78            <intent-filter>
78-->src/main/AndroidManifest.xml:58:13-61:29
79                <action android:name="android.intent.action.MAIN" />
79-->src/main/AndroidManifest.xml:59:17-69
79-->src/main/AndroidManifest.xml:59:25-66
80
81                <category android:name="android.intent.category.LAUNCHER" />
81-->src/main/AndroidManifest.xml:60:17-77
81-->src/main/AndroidManifest.xml:60:27-74
82            </intent-filter>
83        </activity>
84        <!--
85             Don't delete the meta-data below.
86             This is used by the Flutter tool to generate GeneratedPluginRegistrant.java
87        -->
88        <meta-data
88-->src/main/AndroidManifest.xml:65:9-67:33
89            android:name="flutterEmbedding"
89-->src/main/AndroidManifest.xml:66:13-44
90            android:value="2" />
90-->src/main/AndroidManifest.xml:67:13-30
91
92        <activity
92-->[:url_launcher_android] AndroidManifest.xml:8:9-11:74
93            android:name="io.flutter.plugins.urllauncher.WebViewActivity"
93-->[:url_launcher_android] AndroidManifest.xml:9:13-74
94            android:exported="false"
94-->[:url_launcher_android] AndroidManifest.xml:10:13-37
95            android:theme="@android:style/Theme.NoTitleBar.Fullscreen" />
95-->[:url_launcher_android] AndroidManifest.xml:11:13-71
96    </application>
97
98</manifest>